644059297
644917299
644143040
644884938
644543448
644405801
644618956
644863628
644295328
644568169
644411312
644875864
644642650
644735836
644749524
85424165
644569984
644489475
644363763
644238350
644349490
638158937
644866869
644408200
644521154
644455577
644064788
644317375
644503042
642012929
644253445
640361557
644800796
644904909
644468420
644377343
644525417
644349836
640735911
644334212
646124941
644646062
644688689
644219696
644568759
644819687
644270281
644463519
644766512
644466098
644491827
644831510
644643171
644775339
644340591
644643780
644580173
640042854
644434862
644086295
644786434
644514177
644834343
644026696
644546372
644392467
644473571
556570894
644227721
644503362
644132015
644467989
644565282
644440758
644476919
644788147
644688666
644694056
644705357
644904290
644373719
644728418
639691474
644868636
644717891
644089833
642416403
644850708
644447573
644128129
644717627
644104004
644776425
644131209
644707795
644880086
644487637
644072759
644313323
644454243
